<?xml version="1.0" encoding="UTF-8"?>
<testsuites>
  <testsuite name="DancyCodes\FlashHalt\Tests\Unit\ExceptionTest" file="C:\Users\pc\Herd\todohtmx\packages\dancycodes\flashhalt\tests\Unit\ExceptionTest.php" tests="9" assertions="32" errors="0" failures="1" skipped="0" time="0.662487">
    <testcase name="flashhalt_exception_creates_development_friendly_string" file="C:\Users\pc\Herd\todohtmx\packages\dancycodes\flashhalt\tests\Unit\ExceptionTest.php" line="115" class="DancyCodes\FlashHalt\Tests\Unit\ExceptionTest" classname="DancyCodes.FlashHalt.Tests.Unit.ExceptionTest" assertions="4" time="0.388843"/>
    <testcase name="flashhalt_exception_stores_structured_error_codes" file="C:\Users\pc\Herd\todohtmx\packages\dancycodes\flashhalt\tests\Unit\ExceptionTest.php" line="33" class="DancyCodes\FlashHalt\Tests\Unit\ExceptionTest" classname="DancyCodes.FlashHalt.Tests.Unit.ExceptionTest" assertions="2" time="0.024887"/>
    <testcase name="controller_resolution_exception_generates_comprehensive_resolution_report" file="C:\Users\pc\Herd\todohtmx\packages\dancycodes\flashhalt\tests\Unit\ExceptionTest.php" line="277" class="DancyCodes\FlashHalt\Tests\Unit\ExceptionTest" classname="DancyCodes.FlashHalt.Tests.Unit.ExceptionTest" assertions="4" time="0.037181"/>
    <testcase name="route_compiler_exception_provides_compilation_specific_http_codes" file="C:\Users\pc\Herd\todohtmx\packages\dancycodes\flashhalt\tests\Unit\ExceptionTest.php" line="491" class="DancyCodes\FlashHalt\Tests\Unit\ExceptionTest" classname="DancyCodes.FlashHalt.Tests.Unit.ExceptionTest" assertions="3" time="0.031260"/>
    <testcase name="flashhalt_exception_creates_appropriate_http_responses" file="C:\Users\pc\Herd\todohtmx\packages\dancycodes\flashhalt\tests\Unit\ExceptionTest.php" line="150" class="DancyCodes\FlashHalt\Tests\Unit\ExceptionTest" classname="DancyCodes.FlashHalt.Tests.Unit.ExceptionTest" assertions="6" time="0.034415"/>
    <testcase name="security_validation_exception_creates_security_reports" file="C:\Users\pc\Herd\todohtmx\packages\dancycodes\flashhalt\tests\Unit\ExceptionTest.php" line="428" class="DancyCodes\FlashHalt\Tests\Unit\ExceptionTest" classname="DancyCodes.FlashHalt.Tests.Unit.ExceptionTest" assertions="4" time="0.038169"/>
    <testcase name="controller_resolution_exception_stores_resolution_context" file="C:\Users\pc\Herd\todohtmx\packages\dancycodes\flashhalt\tests\Unit\ExceptionTest.php" line="201" class="DancyCodes\FlashHalt\Tests\Unit\ExceptionTest" classname="DancyCodes.FlashHalt.Tests.Unit.ExceptionTest" assertions="3" time="0.031835"/>
    <testcase name="route_compiler_exception_determines_reporting_based_on_environment" file="C:\Users\pc\Herd\todohtmx\packages\dancycodes\flashhalt\tests\Unit\ExceptionTest.php" line="514" class="DancyCodes\FlashHalt\Tests\Unit\ExceptionTest" classname="DancyCodes.FlashHalt.Tests.Unit.ExceptionTest" assertions="4" time="0.032222"/>
    <testcase name="exceptions_provide_consistent_timestamp_formatting" file="C:\Users\pc\Herd\todohtmx\packages\dancycodes\flashhalt\tests\Unit\ExceptionTest.php" line="183" class="DancyCodes\FlashHalt\Tests\Unit\ExceptionTest" classname="DancyCodes.FlashHalt.Tests.Unit.ExceptionTest" assertions="2" time="0.043674">
      <failure type="PHPUnit\Framework\ExpectationFailedException">DancyCodes\FlashHalt\Tests\Unit\ExceptionTest::exceptions_provide_consistent_timestamp_formatting&#13;
Failed asserting that a boolean is an instance of class DateTime.
&#13;
C:\Users\pc\Herd\todohtmx\packages\dancycodes\flashhalt\tests\Unit\ExceptionTest.php:195</failure>
    </testcase>
  </testsuite>
</testsuites>
