<?xml version="1.0" encoding="UTF-8"?>
<testsuites>
  <testsuite name="DancyCodes\FlashHalt\Tests\Unit\SecurityValidatorTest" file="C:\Users\pc\Herd\todohtmx\packages\dancycodes\flashhalt\tests\Unit\SecurityValidatorTest.php" tests="1" assertions="2" errors="0" failures="1" skipped="0" time="0.378783">
    <testcase name="it_validates_method_visibility" file="C:\Users\pc\Herd\todohtmx\packages\dancycodes\flashhalt\tests\Unit\SecurityValidatorTest.php" line="348" class="DancyCodes\FlashHalt\Tests\Unit\SecurityValidatorTest" classname="DancyCodes.FlashHalt.Tests.Unit.SecurityValidatorTest" assertions="2" time="0.378783">
      <failure type="PHPUnit\Framework\ExpectationFailedException">DancyCodes\FlashHalt\Tests\Unit\SecurityValidatorTest::it_validates_method_visibility&#13;
Failed asserting that exception message 'Method "protectedMethod" is not public. Only public methods can be accessed through FlashHALT for security reasons.' contains 'Method must be public'.</failure>
    </testcase>
  </testsuite>
</testsuites>
