<?xml version="1.0" encoding="UTF-8"?>
<testsuites>
  <testsuite name="C:\Users\pc\Herd\todohtmx\packages\dancycodes\flashhalt\phpunit.xml" tests="64" assertions="136" errors="21" failures="1" skipped="0" time="2.026822">
    <testsuite name="FlashHALT Test Suite" tests="64" assertions="136" errors="21" failures="1" skipped="0" time="2.026822">
      <testsuite name="DancyCodes\FlashHalt\Tests\Unit\ExceptionTest" file="C:\Users\pc\Herd\todohtmx\packages\dancycodes\flashhalt\tests\Unit\ExceptionTest.php" tests="27" assertions="95" errors="3" failures="0" skipped="0" time="1.300435">
        <testcase name="flashhalt_exception_creates_appropriate_http_responses" file="C:\Users\pc\Herd\todohtmx\packages\dancycodes\flashhalt\tests\Unit\ExceptionTest.php" line="150" class="DancyCodes\FlashHalt\Tests\Unit\ExceptionTest" classname="DancyCodes.FlashHalt.Tests.Unit.ExceptionTest" assertions="6" time="0.387531"/>
        <testcase name="controller_resolution_exception_provides_appropriate_http_status_codes" file="C:\Users\pc\Herd\todohtmx\packages\dancycodes\flashhalt\tests\Unit\ExceptionTest.php" line="235" class="DancyCodes\FlashHalt\Tests\Unit\ExceptionTest" classname="DancyCodes.FlashHalt.Tests.Unit.ExceptionTest" assertions="3" time="0.030002"/>
        <testcase name="controller_resolution_exception_supports_adding_attempted_classes" file="C:\Users\pc\Herd\todohtmx\packages\dancycodes\flashhalt\tests\Unit\ExceptionTest.php" line="217" class="DancyCodes\FlashHalt\Tests\Unit\ExceptionTest" classname="DancyCodes.FlashHalt.Tests.Unit.ExceptionTest" assertions="3" time="0.032797"/>
        <testcase name="controller_resolution_exception_generates_comprehensive_resolution_report" file="C:\Users\pc\Herd\todohtmx\packages\dancycodes\flashhalt\tests\Unit\ExceptionTest.php" line="277" class="DancyCodes\FlashHalt\Tests\Unit\ExceptionTest" classname="DancyCodes.FlashHalt.Tests.Unit.ExceptionTest" assertions="4" time="0.030143"/>
        <testcase name="route_compiler_exception_supports_adding_compilation_details" file="C:\Users\pc\Herd\todohtmx\packages\dancycodes\flashhalt\tests\Unit\ExceptionTest.php" line="471" class="DancyCodes\FlashHalt\Tests\Unit\ExceptionTest" classname="DancyCodes.FlashHalt.Tests.Unit.ExceptionTest" assertions="4" time="0.029236"/>
        <testcase name="controller_resolution_exception_analyzes_route_patterns" file="C:\Users\pc\Herd\todohtmx\packages\dancycodes\flashhalt\tests\Unit\ExceptionTest.php" line="295" class="DancyCodes\FlashHalt\Tests\Unit\ExceptionTest" classname="DancyCodes.FlashHalt.Tests.Unit.ExceptionTest" assertions="8" time="0.028655"/>
        <testcase name="security_validation_exception_provides_security_specific_http_codes" file="C:\Users\pc\Herd\todohtmx\packages\dancycodes\flashhalt\tests\Unit\ExceptionTest.php" line="382" class="DancyCodes\FlashHalt\Tests\Unit\ExceptionTest" classname="DancyCodes.FlashHalt.Tests.Unit.ExceptionTest" assertions="3" time="0.031490"/>
        <testcase name="exceptions_handle_previous_exception_chaining" file="C:\Users\pc\Herd\todohtmx\packages\dancycodes\flashhalt\tests\Unit\ExceptionTest.php" line="67" class="DancyCodes\FlashHalt\Tests\Unit\ExceptionTest" classname="DancyCodes.FlashHalt.Tests.Unit.ExceptionTest" assertions="2" time="0.032184"/>
        <testcase name="security_validation_exception_validates_severity_levels" file="C:\Users\pc\Herd\todohtmx\packages\dancycodes\flashhalt\tests\Unit\ExceptionTest.php" line="336" class="DancyCodes\FlashHalt\Tests\Unit\ExceptionTest" classname="DancyCodes.FlashHalt.Tests.Unit.ExceptionTest" assertions="2" time="0.031364"/>
        <testcase name="route_compiler_exception_stores_compilation_context" file="C:\Users\pc\Herd\todohtmx\packages\dancycodes\flashhalt\tests\Unit\ExceptionTest.php" line="451" class="DancyCodes\FlashHalt\Tests\Unit\ExceptionTest" classname="DancyCodes.FlashHalt.Tests.Unit.ExceptionTest" assertions="4" time="0.030589"/>
        <testcase name="exceptions_provide_consistent_timestamp_formatting" file="C:\Users\pc\Herd\todohtmx\packages\dancycodes\flashhalt\tests\Unit\ExceptionTest.php" line="183" class="DancyCodes\FlashHalt\Tests\Unit\ExceptionTest" classname="DancyCodes.FlashHalt.Tests.Unit.ExceptionTest" assertions="2" time="0.031327"/>
        <testcase name="controller_resolution_exception_determines_reporting_appropriately" file="C:\Users\pc\Herd\todohtmx\packages\dancycodes\flashhalt\tests\Unit\ExceptionTest.php" line="258" class="DancyCodes\FlashHalt\Tests\Unit\ExceptionTest" classname="DancyCodes.FlashHalt.Tests.Unit.ExceptionTest" assertions="2" time="0.030670"/>
        <testcase name="route_compiler_exception_generates_comprehensive_compilation_reports" file="C:\Users\pc\Herd\todohtmx\packages\dancycodes\flashhalt\tests\Unit\ExceptionTest.php" line="538" class="DancyCodes\FlashHalt\Tests\Unit\ExceptionTest" classname="DancyCodes.FlashHalt.Tests.Unit.ExceptionTest" assertions="12" time="0.032585"/>
        <testcase name="security_validation_exception_creates_security_reports" file="C:\Users\pc\Herd\todohtmx\packages\dancycodes\flashhalt\tests\Unit\ExceptionTest.php" line="428" class="DancyCodes\FlashHalt\Tests\Unit\ExceptionTest" classname="DancyCodes.FlashHalt.Tests.Unit.ExceptionTest" assertions="4" time="0.044621"/>
        <testcase name="flashhalt_exception_supports_method_chaining_for_context" file="C:\Users\pc\Herd\todohtmx\packages\dancycodes\flashhalt\tests\Unit\ExceptionTest.php" line="46" class="DancyCodes\FlashHalt\Tests\Unit\ExceptionTest" classname="DancyCodes.FlashHalt.Tests.Unit.ExceptionTest" assertions="5" time="0.030161"/>
        <testcase name="flashhalt_exception_stores_structured_error_codes" file="C:\Users\pc\Herd\todohtmx\packages\dancycodes\flashhalt\tests\Unit\ExceptionTest.php" line="33" class="DancyCodes\FlashHalt\Tests\Unit\ExceptionTest" classname="DancyCodes.FlashHalt.Tests.Unit.ExceptionTest" assertions="2" time="0.035885"/>
        <testcase name="security_validation_exception_stores_security_context" file="C:\Users\pc\Herd\todohtmx\packages\dancycodes\flashhalt\tests\Unit\ExceptionTest.php" line="319" class="DancyCodes\FlashHalt\Tests\Unit\ExceptionTest" classname="DancyCodes.FlashHalt.Tests.Unit.ExceptionTest" assertions="3" time="0.029671"/>
        <testcase name="security_validation_exception_sanitizes_sensitive_context" file="C:\Users\pc\Herd\todohtmx\packages\dancycodes\flashhalt\tests\Unit\ExceptionTest.php" line="405" class="DancyCodes\FlashHalt\Tests\Unit\ExceptionTest" classname="DancyCodes.FlashHalt.Tests.Unit.ExceptionTest" assertions="0" time="0.044210">
          <error type="Error">DancyCodes\FlashHalt\Tests\Unit\ExceptionTest::security_validation_exception_sanitizes_sensitive_context&#13;
Error: Call to undefined method DancyCodes\FlashHalt\Tests\Unit\ExceptionTest::assertStringContainsStringString()
&#13;
C:\Users\pc\Herd\todohtmx\packages\dancycodes\flashhalt\tests\Unit\ExceptionTest.php:421</error>
        </testcase>
        <testcase name="flashhalt_exception_generates_valid_json_representation" file="C:\Users\pc\Herd\todohtmx\packages\dancycodes\flashhalt\tests\Unit\ExceptionTest.php" line="169" class="DancyCodes\FlashHalt\Tests\Unit\ExceptionTest" classname="DancyCodes.FlashHalt.Tests.Unit.ExceptionTest" assertions="4" time="0.027472"/>
        <testcase name="security_validation_exception_determines_reporting_based_on_severity" file="C:\Users\pc\Herd\todohtmx\packages\dancycodes\flashhalt\tests\Unit\ExceptionTest.php" line="357" class="DancyCodes\FlashHalt\Tests\Unit\ExceptionTest" classname="DancyCodes.FlashHalt.Tests.Unit.ExceptionTest" assertions="2" time="0.031207"/>
        <testcase name="flashhalt_exception_includes_stack_trace_when_requested" file="C:\Users\pc\Herd\todohtmx\packages\dancycodes\flashhalt\tests\Unit\ExceptionTest.php" line="82" class="DancyCodes\FlashHalt\Tests\Unit\ExceptionTest" classname="DancyCodes.FlashHalt.Tests.Unit.ExceptionTest" assertions="3" time="0.044564"/>
        <testcase name="route_compiler_exception_provides_compilation_specific_http_codes" file="C:\Users\pc\Herd\todohtmx\packages\dancycodes\flashhalt\tests\Unit\ExceptionTest.php" line="491" class="DancyCodes\FlashHalt\Tests\Unit\ExceptionTest" classname="DancyCodes.FlashHalt.Tests.Unit.ExceptionTest" assertions="3" time="0.052944"/>
        <testcase name="controller_resolution_exception_stores_resolution_context" file="C:\Users\pc\Herd\todohtmx\packages\dancycodes\flashhalt\tests\Unit\ExceptionTest.php" line="201" class="DancyCodes\FlashHalt\Tests\Unit\ExceptionTest" classname="DancyCodes.FlashHalt.Tests.Unit.ExceptionTest" assertions="3" time="0.046700"/>
        <testcase name="route_compiler_exception_determines_reporting_based_on_environment" file="C:\Users\pc\Herd\todohtmx\packages\dancycodes\flashhalt\tests\Unit\ExceptionTest.php" line="514" class="DancyCodes\FlashHalt\Tests\Unit\ExceptionTest" classname="DancyCodes.FlashHalt.Tests.Unit.ExceptionTest" assertions="4" time="0.046177"/>
        <testcase name="flashhalt_exception_creates_production_safe_string" file="C:\Users\pc\Herd\todohtmx\packages\dancycodes\flashhalt\tests\Unit\ExceptionTest.php" line="134" class="DancyCodes\FlashHalt\Tests\Unit\ExceptionTest" classname="DancyCodes.FlashHalt.Tests.Unit.ExceptionTest" assertions="2" time="0.039472">
          <error type="Error">DancyCodes\FlashHalt\Tests\Unit\ExceptionTest::flashhalt_exception_creates_production_safe_string&#13;
Error: Call to undefined method DancyCodes\FlashHalt\Tests\Unit\ExceptionTest::assertStringContainsStringString()
&#13;
C:\Users\pc\Herd\todohtmx\packages\dancycodes\flashhalt\tests\Unit\ExceptionTest.php:146</error>
        </testcase>
        <testcase name="flashhalt_exception_creates_development_friendly_string" file="C:\Users\pc\Herd\todohtmx\packages\dancycodes\flashhalt\tests\Unit\ExceptionTest.php" line="115" class="DancyCodes\FlashHalt\Tests\Unit\ExceptionTest" classname="DancyCodes.FlashHalt.Tests.Unit.ExceptionTest" assertions="0" time="0.033538">
          <error type="Error">DancyCodes\FlashHalt\Tests\Unit\ExceptionTest::flashhalt_exception_creates_development_friendly_string&#13;
Error: Call to undefined method DancyCodes\FlashHalt\Tests\Unit\ExceptionTest::assertStringContainsStringString()
&#13;
C:\Users\pc\Herd\todohtmx\packages\dancycodes\flashhalt\tests\Unit\ExceptionTest.php:127</error>
        </testcase>
        <testcase name="flashhalt_exception_generates_comprehensive_array_representation" file="C:\Users\pc\Herd\todohtmx\packages\dancycodes\flashhalt\tests\Unit\ExceptionTest.php" line="95" class="DancyCodes\FlashHalt\Tests\Unit\ExceptionTest" classname="DancyCodes.FlashHalt.Tests.Unit.ExceptionTest" assertions="5" time="0.035241"/>
      </testsuite>
      <testsuite name="DancyCodes\FlashHalt\Tests\Unit\RouteCompilerTest" file="C:\Users\pc\Herd\todohtmx\packages\dancycodes\flashhalt\tests\Unit\RouteCompilerTest.php" tests="18" assertions="0" errors="18" failures="0" skipped="0" time="0.073667">
        <testcase name="it_generates_optimized_route_definitions" file="C:\Users\pc\Herd\todohtmx\packages\dancycodes\flashhalt\tests\Unit\RouteCompilerTest.php" line="275" class="DancyCodes\FlashHalt\Tests\Unit\RouteCompilerTest" classname="DancyCodes.FlashHalt.Tests.Unit.RouteCompilerTest" assertions="0" time="0.073667">
          <error type="TypeError">DancyCodes\FlashHalt\Tests\Unit\RouteCompilerTest::it_generates_optimized_route_definitions&#13;
TypeError: dirname(): Argument #1 ($path) must be of type string, array given
&#13;
C:\Users\pc\Herd\todohtmx\packages\dancycodes\flashhalt\src\Services\RouteCompiler.php:278
C:\Users\pc\Herd\todohtmx\packages\dancycodes\flashhalt\src\Services\RouteCompiler.php:224
C:\Users\pc\Herd\todohtmx\packages\dancycodes\flashhalt\src\Services\RouteCompiler.php:146
C:\Users\pc\Herd\todohtmx\packages\dancycodes\flashhalt\tests\Unit\RouteCompilerTest.php:287</error>
        </testcase>
        <testcase name="it_provides_comprehensive_compilation_statistics" file="C:\Users\pc\Herd\todohtmx\packages\dancycodes\flashhalt\tests\Unit\RouteCompilerTest.php" line="441" class="DancyCodes\FlashHalt\Tests\Unit\RouteCompilerTest" classname="DancyCodes.FlashHalt.Tests.Unit.RouteCompilerTest" assertions="0" time="0.000000">
          <error type="PDOException">DancyCodes\FlashHalt\Tests\Unit\RouteCompilerTest::it_provides_comprehensive_compilation_statistics&#13;
PDOException: There is already an active transaction
&#13;
C:\Users\pc\Herd\todohtmx\packages\dancycodes\flashhalt\vendor\laravel\framework\src\Illuminate\Database\Concerns\ManagesTransactions.php:151
C:\Users\pc\Herd\todohtmx\packages\dancycodes\flashhalt\vendor\laravel\framework\src\Illuminate\Database\Concerns\ManagesTransactions.php:127
C:\Users\pc\Herd\todohtmx\packages\dancycodes\flashhalt\vendor\laravel\framework\src\Illuminate\Foundation\Testing\RefreshDatabase.php:101
C:\Users\pc\Herd\todohtmx\packages\dancycodes\flashhalt\vendor\laravel\framework\src\Illuminate\Foundation\Testing\RefreshDatabase.php:73
C:\Users\pc\Herd\todohtmx\packages\dancycodes\flashhalt\vendor\laravel\framework\src\Illuminate\Foundation\Testing\RefreshDatabase.php:25
C:\Users\pc\Herd\todohtmx\packages\dancycodes\flashhalt\vendor\orchestra\testbench-core\src\Concerns\Testing.php:120
C:\Users\pc\Herd\todohtmx\packages\dancycodes\flashhalt\vendor\orchestra\testbench-core\src\Concerns\HandlesDatabases.php:62
C:\Users\pc\Herd\todohtmx\packages\dancycodes\flashhalt\vendor\orchestra\testbench-core\src\Concerns\Testing.php:118
C:\Users\pc\Herd\todohtmx\packages\dancycodes\flashhalt\vendor\orchestra\testbench-core\src\TestCase.php:71
C:\Users\pc\Herd\todohtmx\packages\dancycodes\flashhalt\vendor\orchestra\testbench-core\src\Concerns\Testing.php:44
C:\Users\pc\Herd\todohtmx\packages\dancycodes\flashhalt\vendor\orchestra\testbench-core\src\Concerns\ApplicationTestingHooks.php:89
C:\Users\pc\Herd\todohtmx\packages\dancycodes\flashhalt\vendor\orchestra\testbench-core\src\Concerns\Testing.php:43
C:\Users\pc\Herd\todohtmx\packages\dancycodes\flashhalt\vendor\laravel\framework\src\Illuminate\Collections\helpers.php:236
C:\Users\pc\Herd\todohtmx\packages\dancycodes\flashhalt\vendor\orchestra\sidekick\src\functions.php:87
C:\Users\pc\Herd\todohtmx\packages\dancycodes\flashhalt\vendor\laravel\framework\src\Illuminate\Collections\helpers.php:236
C:\Users\pc\Herd\todohtmx\packages\dancycodes\flashhalt\vendor\orchestra\testbench-core\src\Concerns\Testing.php:57
C:\Users\pc\Herd\todohtmx\packages\dancycodes\flashhalt\vendor\orchestra\testbench-core\src\TestCase.php:50
C:\Users\pc\Herd\todohtmx\packages\dancycodes\flashhalt\tests\TestCase.php:30
C:\Users\pc\Herd\todohtmx\packages\dancycodes\flashhalt\tests\Unit\RouteCompilerTest.php:45</error>
        </testcase>
        <testcase name="it_discovers_template_files_in_configured_directories" file="C:\Users\pc\Herd\todohtmx\packages\dancycodes\flashhalt\tests\Unit\RouteCompilerTest.php" line="79" class="DancyCodes\FlashHalt\Tests\Unit\RouteCompilerTest" classname="DancyCodes.FlashHalt.Tests.Unit.RouteCompilerTest" assertions="0" time="0.000000">
          <error type="PDOException">DancyCodes\FlashHalt\Tests\Unit\RouteCompilerTest::it_discovers_template_files_in_configured_directories&#13;
PDOException: There is already an active transaction
&#13;
C:\Users\pc\Herd\todohtmx\packages\dancycodes\flashhalt\vendor\laravel\framework\src\Illuminate\Database\Concerns\ManagesTransactions.php:151
C:\Users\pc\Herd\todohtmx\packages\dancycodes\flashhalt\vendor\laravel\framework\src\Illuminate\Database\Concerns\ManagesTransactions.php:127
C:\Users\pc\Herd\todohtmx\packages\dancycodes\flashhalt\vendor\laravel\framework\src\Illuminate\Foundation\Testing\RefreshDatabase.php:101
C:\Users\pc\Herd\todohtmx\packages\dancycodes\flashhalt\vendor\laravel\framework\src\Illuminate\Foundation\Testing\RefreshDatabase.php:73
C:\Users\pc\Herd\todohtmx\packages\dancycodes\flashhalt\vendor\laravel\framework\src\Illuminate\Foundation\Testing\RefreshDatabase.php:25
C:\Users\pc\Herd\todohtmx\packages\dancycodes\flashhalt\vendor\orchestra\testbench-core\src\Concerns\Testing.php:120
C:\Users\pc\Herd\todohtmx\packages\dancycodes\flashhalt\vendor\orchestra\testbench-core\src\Concerns\HandlesDatabases.php:62
C:\Users\pc\Herd\todohtmx\packages\dancycodes\flashhalt\vendor\orchestra\testbench-core\src\Concerns\Testing.php:118
C:\Users\pc\Herd\todohtmx\packages\dancycodes\flashhalt\vendor\orchestra\testbench-core\src\TestCase.php:71
C:\Users\pc\Herd\todohtmx\packages\dancycodes\flashhalt\vendor\orchestra\testbench-core\src\Concerns\Testing.php:44
C:\Users\pc\Herd\todohtmx\packages\dancycodes\flashhalt\vendor\orchestra\testbench-core\src\Concerns\ApplicationTestingHooks.php:89
C:\Users\pc\Herd\todohtmx\packages\dancycodes\flashhalt\vendor\orchestra\testbench-core\src\Concerns\Testing.php:43
C:\Users\pc\Herd\todohtmx\packages\dancycodes\flashhalt\vendor\laravel\framework\src\Illuminate\Collections\helpers.php:236
C:\Users\pc\Herd\todohtmx\packages\dancycodes\flashhalt\vendor\orchestra\sidekick\src\functions.php:87
C:\Users\pc\Herd\todohtmx\packages\dancycodes\flashhalt\vendor\laravel\framework\src\Illuminate\Collections\helpers.php:236
C:\Users\pc\Herd\todohtmx\packages\dancycodes\flashhalt\vendor\orchestra\testbench-core\src\Concerns\Testing.php:57
C:\Users\pc\Herd\todohtmx\packages\dancycodes\flashhalt\vendor\orchestra\testbench-core\src\TestCase.php:50
C:\Users\pc\Herd\todohtmx\packages\dancycodes\flashhalt\tests\TestCase.php:30
C:\Users\pc\Herd\todohtmx\packages\dancycodes\flashhalt\tests\Unit\RouteCompilerTest.php:45</error>
        </testcase>
        <testcase name="it_extracts_htmx_get_patterns_from_templates" file="C:\Users\pc\Herd\todohtmx\packages\dancycodes\flashhalt\tests\Unit\RouteCompilerTest.php" line="98" class="DancyCodes\FlashHalt\Tests\Unit\RouteCompilerTest" classname="DancyCodes.FlashHalt.Tests.Unit.RouteCompilerTest" assertions="0" time="0.000000">
          <error type="PDOException">DancyCodes\FlashHalt\Tests\Unit\RouteCompilerTest::it_extracts_htmx_get_patterns_from_templates&#13;
PDOException: There is already an active transaction
&#13;
C:\Users\pc\Herd\todohtmx\packages\dancycodes\flashhalt\vendor\laravel\framework\src\Illuminate\Database\Concerns\ManagesTransactions.php:151
C:\Users\pc\Herd\todohtmx\packages\dancycodes\flashhalt\vendor\laravel\framework\src\Illuminate\Database\Concerns\ManagesTransactions.php:127
C:\Users\pc\Herd\todohtmx\packages\dancycodes\flashhalt\vendor\laravel\framework\src\Illuminate\Foundation\Testing\RefreshDatabase.php:101
C:\Users\pc\Herd\todohtmx\packages\dancycodes\flashhalt\vendor\laravel\framework\src\Illuminate\Foundation\Testing\RefreshDatabase.php:73
C:\Users\pc\Herd\todohtmx\packages\dancycodes\flashhalt\vendor\laravel\framework\src\Illuminate\Foundation\Testing\RefreshDatabase.php:25
C:\Users\pc\Herd\todohtmx\packages\dancycodes\flashhalt\vendor\orchestra\testbench-core\src\Concerns\Testing.php:120
C:\Users\pc\Herd\todohtmx\packages\dancycodes\flashhalt\vendor\orchestra\testbench-core\src\Concerns\HandlesDatabases.php:62
C:\Users\pc\Herd\todohtmx\packages\dancycodes\flashhalt\vendor\orchestra\testbench-core\src\Concerns\Testing.php:118
C:\Users\pc\Herd\todohtmx\packages\dancycodes\flashhalt\vendor\orchestra\testbench-core\src\TestCase.php:71
C:\Users\pc\Herd\todohtmx\packages\dancycodes\flashhalt\vendor\orchestra\testbench-core\src\Concerns\Testing.php:44
C:\Users\pc\Herd\todohtmx\packages\dancycodes\flashhalt\vendor\orchestra\testbench-core\src\Concerns\ApplicationTestingHooks.php:89
C:\Users\pc\Herd\todohtmx\packages\dancycodes\flashhalt\vendor\orchestra\testbench-core\src\Concerns\Testing.php:43
C:\Users\pc\Herd\todohtmx\packages\dancycodes\flashhalt\vendor\laravel\framework\src\Illuminate\Collections\helpers.php:236
C:\Users\pc\Herd\todohtmx\packages\dancycodes\flashhalt\vendor\orchestra\sidekick\src\functions.php:87
C:\Users\pc\Herd\todohtmx\packages\dancycodes\flashhalt\vendor\laravel\framework\src\Illuminate\Collections\helpers.php:236
C:\Users\pc\Herd\todohtmx\packages\dancycodes\flashhalt\vendor\orchestra\testbench-core\src\Concerns\Testing.php:57
C:\Users\pc\Herd\todohtmx\packages\dancycodes\flashhalt\vendor\orchestra\testbench-core\src\TestCase.php:50
C:\Users\pc\Herd\todohtmx\packages\dancycodes\flashhalt\tests\TestCase.php:30
C:\Users\pc\Herd\todohtmx\packages\dancycodes\flashhalt\tests\Unit\RouteCompilerTest.php:45</error>
        </testcase>
        <testcase name="it_extracts_all_http_method_patterns" file="C:\Users\pc\Herd\todohtmx\packages\dancycodes\flashhalt\tests\Unit\RouteCompilerTest.php" line="141" class="DancyCodes\FlashHalt\Tests\Unit\RouteCompilerTest" classname="DancyCodes.FlashHalt.Tests.Unit.RouteCompilerTest" assertions="0" time="0.000000">
          <error type="PDOException">DancyCodes\FlashHalt\Tests\Unit\RouteCompilerTest::it_extracts_all_http_method_patterns&#13;
PDOException: There is already an active transaction
&#13;
C:\Users\pc\Herd\todohtmx\packages\dancycodes\flashhalt\vendor\laravel\framework\src\Illuminate\Database\Concerns\ManagesTransactions.php:151
C:\Users\pc\Herd\todohtmx\packages\dancycodes\flashhalt\vendor\laravel\framework\src\Illuminate\Database\Concerns\ManagesTransactions.php:127
C:\Users\pc\Herd\todohtmx\packages\dancycodes\flashhalt\vendor\laravel\framework\src\Illuminate\Foundation\Testing\RefreshDatabase.php:101
C:\Users\pc\Herd\todohtmx\packages\dancycodes\flashhalt\vendor\laravel\framework\src\Illuminate\Foundation\Testing\RefreshDatabase.php:73
C:\Users\pc\Herd\todohtmx\packages\dancycodes\flashhalt\vendor\laravel\framework\src\Illuminate\Foundation\Testing\RefreshDatabase.php:25
C:\Users\pc\Herd\todohtmx\packages\dancycodes\flashhalt\vendor\orchestra\testbench-core\src\Concerns\Testing.php:120
C:\Users\pc\Herd\todohtmx\packages\dancycodes\flashhalt\vendor\orchestra\testbench-core\src\Concerns\HandlesDatabases.php:62
C:\Users\pc\Herd\todohtmx\packages\dancycodes\flashhalt\vendor\orchestra\testbench-core\src\Concerns\Testing.php:118
C:\Users\pc\Herd\todohtmx\packages\dancycodes\flashhalt\vendor\orchestra\testbench-core\src\TestCase.php:71
C:\Users\pc\Herd\todohtmx\packages\dancycodes\flashhalt\vendor\orchestra\testbench-core\src\Concerns\Testing.php:44
C:\Users\pc\Herd\todohtmx\packages\dancycodes\flashhalt\vendor\orchestra\testbench-core\src\Concerns\ApplicationTestingHooks.php:89
C:\Users\pc\Herd\todohtmx\packages\dancycodes\flashhalt\vendor\orchestra\testbench-core\src\Concerns\Testing.php:43
C:\Users\pc\Herd\todohtmx\packages\dancycodes\flashhalt\vendor\laravel\framework\src\Illuminate\Collections\helpers.php:236
C:\Users\pc\Herd\todohtmx\packages\dancycodes\flashhalt\vendor\orchestra\sidekick\src\functions.php:87
C:\Users\pc\Herd\todohtmx\packages\dancycodes\flashhalt\vendor\laravel\framework\src\Illuminate\Collections\helpers.php:236
C:\Users\pc\Herd\todohtmx\packages\dancycodes\flashhalt\vendor\orchestra\testbench-core\src\Concerns\Testing.php:57
C:\Users\pc\Herd\todohtmx\packages\dancycodes\flashhalt\vendor\orchestra\testbench-core\src\TestCase.php:50
C:\Users\pc\Herd\todohtmx\packages\dancycodes\flashhalt\tests\TestCase.php:30
C:\Users\pc\Herd\todohtmx\packages\dancycodes\flashhalt\tests\Unit\RouteCompilerTest.php:45</error>
        </testcase>
        <testcase name="it_excludes_files_matching_exclude_patterns" file="C:\Users\pc\Herd\todohtmx\packages\dancycodes\flashhalt\tests\Unit\RouteCompilerTest.php" line="349" class="DancyCodes\FlashHalt\Tests\Unit\RouteCompilerTest" classname="DancyCodes.FlashHalt.Tests.Unit.RouteCompilerTest" assertions="0" time="0.000000">
          <error type="PDOException">DancyCodes\FlashHalt\Tests\Unit\RouteCompilerTest::it_excludes_files_matching_exclude_patterns&#13;
PDOException: There is already an active transaction
&#13;
C:\Users\pc\Herd\todohtmx\packages\dancycodes\flashhalt\vendor\laravel\framework\src\Illuminate\Database\Concerns\ManagesTransactions.php:151
C:\Users\pc\Herd\todohtmx\packages\dancycodes\flashhalt\vendor\laravel\framework\src\Illuminate\Database\Concerns\ManagesTransactions.php:127
C:\Users\pc\Herd\todohtmx\packages\dancycodes\flashhalt\vendor\laravel\framework\src\Illuminate\Foundation\Testing\RefreshDatabase.php:101
C:\Users\pc\Herd\todohtmx\packages\dancycodes\flashhalt\vendor\laravel\framework\src\Illuminate\Foundation\Testing\RefreshDatabase.php:73
C:\Users\pc\Herd\todohtmx\packages\dancycodes\flashhalt\vendor\laravel\framework\src\Illuminate\Foundation\Testing\RefreshDatabase.php:25
C:\Users\pc\Herd\todohtmx\packages\dancycodes\flashhalt\vendor\orchestra\testbench-core\src\Concerns\Testing.php:120
C:\Users\pc\Herd\todohtmx\packages\dancycodes\flashhalt\vendor\orchestra\testbench-core\src\Concerns\HandlesDatabases.php:62
C:\Users\pc\Herd\todohtmx\packages\dancycodes\flashhalt\vendor\orchestra\testbench-core\src\Concerns\Testing.php:118
C:\Users\pc\Herd\todohtmx\packages\dancycodes\flashhalt\vendor\orchestra\testbench-core\src\TestCase.php:71
C:\Users\pc\Herd\todohtmx\packages\dancycodes\flashhalt\vendor\orchestra\testbench-core\src\Concerns\Testing.php:44
C:\Users\pc\Herd\todohtmx\packages\dancycodes\flashhalt\vendor\orchestra\testbench-core\src\Concerns\ApplicationTestingHooks.php:89
C:\Users\pc\Herd\todohtmx\packages\dancycodes\flashhalt\vendor\orchestra\testbench-core\src\Concerns\Testing.php:43
C:\Users\pc\Herd\todohtmx\packages\dancycodes\flashhalt\vendor\laravel\framework\src\Illuminate\Collections\helpers.php:236
C:\Users\pc\Herd\todohtmx\packages\dancycodes\flashhalt\vendor\orchestra\sidekick\src\functions.php:87
C:\Users\pc\Herd\todohtmx\packages\dancycodes\flashhalt\vendor\laravel\framework\src\Illuminate\Collections\helpers.php:236
C:\Users\pc\Herd\todohtmx\packages\dancycodes\flashhalt\vendor\orchestra\testbench-core\src\Concerns\Testing.php:57
C:\Users\pc\Herd\todohtmx\packages\dancycodes\flashhalt\vendor\orchestra\testbench-core\src\TestCase.php:50
C:\Users\pc\Herd\todohtmx\packages\dancycodes\flashhalt\tests\TestCase.php:30
C:\Users\pc\Herd\todohtmx\packages\dancycodes\flashhalt\tests\Unit\RouteCompilerTest.php:45</error>
        </testcase>
        <testcase name="it_handles_template_file_read_errors_gracefully" file="C:\Users\pc\Herd\todohtmx\packages\dancycodes\flashhalt\tests\Unit\RouteCompilerTest.php" line="490" class="DancyCodes\FlashHalt\Tests\Unit\RouteCompilerTest" classname="DancyCodes.FlashHalt.Tests.Unit.RouteCompilerTest" assertions="0" time="0.000000">
          <error type="PDOException">DancyCodes\FlashHalt\Tests\Unit\RouteCompilerTest::it_handles_template_file_read_errors_gracefully&#13;
PDOException: There is already an active transaction
&#13;
C:\Users\pc\Herd\todohtmx\packages\dancycodes\flashhalt\vendor\laravel\framework\src\Illuminate\Database\Concerns\ManagesTransactions.php:151
C:\Users\pc\Herd\todohtmx\packages\dancycodes\flashhalt\vendor\laravel\framework\src\Illuminate\Database\Concerns\ManagesTransactions.php:127
C:\Users\pc\Herd\todohtmx\packages\dancycodes\flashhalt\vendor\laravel\framework\src\Illuminate\Foundation\Testing\RefreshDatabase.php:101
C:\Users\pc\Herd\todohtmx\packages\dancycodes\flashhalt\vendor\laravel\framework\src\Illuminate\Foundation\Testing\RefreshDatabase.php:73
C:\Users\pc\Herd\todohtmx\packages\dancycodes\flashhalt\vendor\laravel\framework\src\Illuminate\Foundation\Testing\RefreshDatabase.php:25
C:\Users\pc\Herd\todohtmx\packages\dancycodes\flashhalt\vendor\orchestra\testbench-core\src\Concerns\Testing.php:120
C:\Users\pc\Herd\todohtmx\packages\dancycodes\flashhalt\vendor\orchestra\testbench-core\src\Concerns\HandlesDatabases.php:62
C:\Users\pc\Herd\todohtmx\packages\dancycodes\flashhalt\vendor\orchestra\testbench-core\src\Concerns\Testing.php:118
C:\Users\pc\Herd\todohtmx\packages\dancycodes\flashhalt\vendor\orchestra\testbench-core\src\TestCase.php:71
C:\Users\pc\Herd\todohtmx\packages\dancycodes\flashhalt\vendor\orchestra\testbench-core\src\Concerns\Testing.php:44
C:\Users\pc\Herd\todohtmx\packages\dancycodes\flashhalt\vendor\orchestra\testbench-core\src\Concerns\ApplicationTestingHooks.php:89
C:\Users\pc\Herd\todohtmx\packages\dancycodes\flashhalt\vendor\orchestra\testbench-core\src\Concerns\Testing.php:43
C:\Users\pc\Herd\todohtmx\packages\dancycodes\flashhalt\vendor\laravel\framework\src\Illuminate\Collections\helpers.php:236
C:\Users\pc\Herd\todohtmx\packages\dancycodes\flashhalt\vendor\orchestra\sidekick\src\functions.php:87
C:\Users\pc\Herd\todohtmx\packages\dancycodes\flashhalt\vendor\laravel\framework\src\Illuminate\Collections\helpers.php:236
C:\Users\pc\Herd\todohtmx\packages\dancycodes\flashhalt\vendor\orchestra\testbench-core\src\Concerns\Testing.php:57
C:\Users\pc\Herd\todohtmx\packages\dancycodes\flashhalt\vendor\orchestra\testbench-core\src\TestCase.php:50
C:\Users\pc\Herd\todohtmx\packages\dancycodes\flashhalt\tests\TestCase.php:30
C:\Users\pc\Herd\todohtmx\packages\dancycodes\flashhalt\tests\Unit\RouteCompilerTest.php:45</error>
        </testcase>
        <testcase name="it_handles_empty_template_directories" file="C:\Users\pc\Herd\todohtmx\packages\dancycodes\flashhalt\tests\Unit\RouteCompilerTest.php" line="371" class="DancyCodes\FlashHalt\Tests\Unit\RouteCompilerTest" classname="DancyCodes.FlashHalt.Tests.Unit.RouteCompilerTest" assertions="0" time="0.000000">
          <error type="PDOException">DancyCodes\FlashHalt\Tests\Unit\RouteCompilerTest::it_handles_empty_template_directories&#13;
PDOException: There is already an active transaction
&#13;
C:\Users\pc\Herd\todohtmx\packages\dancycodes\flashhalt\vendor\laravel\framework\src\Illuminate\Database\Concerns\ManagesTransactions.php:151
C:\Users\pc\Herd\todohtmx\packages\dancycodes\flashhalt\vendor\laravel\framework\src\Illuminate\Database\Concerns\ManagesTransactions.php:127
C:\Users\pc\Herd\todohtmx\packages\dancycodes\flashhalt\vendor\laravel\framework\src\Illuminate\Foundation\Testing\RefreshDatabase.php:101
C:\Users\pc\Herd\todohtmx\packages\dancycodes\flashhalt\vendor\laravel\framework\src\Illuminate\Foundation\Testing\RefreshDatabase.php:73
C:\Users\pc\Herd\todohtmx\packages\dancycodes\flashhalt\vendor\laravel\framework\src\Illuminate\Foundation\Testing\RefreshDatabase.php:25
C:\Users\pc\Herd\todohtmx\packages\dancycodes\flashhalt\vendor\orchestra\testbench-core\src\Concerns\Testing.php:120
C:\Users\pc\Herd\todohtmx\packages\dancycodes\flashhalt\vendor\orchestra\testbench-core\src\Concerns\HandlesDatabases.php:62
C:\Users\pc\Herd\todohtmx\packages\dancycodes\flashhalt\vendor\orchestra\testbench-core\src\Concerns\Testing.php:118
C:\Users\pc\Herd\todohtmx\packages\dancycodes\flashhalt\vendor\orchestra\testbench-core\src\TestCase.php:71
C:\Users\pc\Herd\todohtmx\packages\dancycodes\flashhalt\vendor\orchestra\testbench-core\src\Concerns\Testing.php:44
C:\Users\pc\Herd\todohtmx\packages\dancycodes\flashhalt\vendor\orchestra\testbench-core\src\Concerns\ApplicationTestingHooks.php:89
C:\Users\pc\Herd\todohtmx\packages\dancycodes\flashhalt\vendor\orchestra\testbench-core\src\Concerns\Testing.php:43
C:\Users\pc\Herd\todohtmx\packages\dancycodes\flashhalt\vendor\laravel\framework\src\Illuminate\Collections\helpers.php:236
C:\Users\pc\Herd\todohtmx\packages\dancycodes\flashhalt\vendor\orchestra\sidekick\src\functions.php:87
C:\Users\pc\Herd\todohtmx\packages\dancycodes\flashhalt\vendor\laravel\framework\src\Illuminate\Collections\helpers.php:236
C:\Users\pc\Herd\todohtmx\packages\dancycodes\flashhalt\vendor\orchestra\testbench-core\src\Concerns\Testing.php:57
C:\Users\pc\Herd\todohtmx\packages\dancycodes\flashhalt\vendor\orchestra\testbench-core\src\TestCase.php:50
C:\Users\pc\Herd\todohtmx\packages\dancycodes\flashhalt\tests\TestCase.php:30
C:\Users\pc\Herd\todohtmx\packages\dancycodes\flashhalt\tests\Unit\RouteCompilerTest.php:45</error>
        </testcase>
        <testcase name="it_deduplicates_identical_route_patterns" file="C:\Users\pc\Herd\todohtmx\packages\dancycodes\flashhalt\tests\Unit\RouteCompilerTest.php" line="191" class="DancyCodes\FlashHalt\Tests\Unit\RouteCompilerTest" classname="DancyCodes.FlashHalt.Tests.Unit.RouteCompilerTest" assertions="0" time="0.000000">
          <error type="PDOException">DancyCodes\FlashHalt\Tests\Unit\RouteCompilerTest::it_deduplicates_identical_route_patterns&#13;
PDOException: There is already an active transaction
&#13;
C:\Users\pc\Herd\todohtmx\packages\dancycodes\flashhalt\vendor\laravel\framework\src\Illuminate\Database\Concerns\ManagesTransactions.php:151
C:\Users\pc\Herd\todohtmx\packages\dancycodes\flashhalt\vendor\laravel\framework\src\Illuminate\Database\Concerns\ManagesTransactions.php:127
C:\Users\pc\Herd\todohtmx\packages\dancycodes\flashhalt\vendor\laravel\framework\src\Illuminate\Foundation\Testing\RefreshDatabase.php:101
C:\Users\pc\Herd\todohtmx\packages\dancycodes\flashhalt\vendor\laravel\framework\src\Illuminate\Foundation\Testing\RefreshDatabase.php:73
C:\Users\pc\Herd\todohtmx\packages\dancycodes\flashhalt\vendor\laravel\framework\src\Illuminate\Foundation\Testing\RefreshDatabase.php:25
C:\Users\pc\Herd\todohtmx\packages\dancycodes\flashhalt\vendor\orchestra\testbench-core\src\Concerns\Testing.php:120
C:\Users\pc\Herd\todohtmx\packages\dancycodes\flashhalt\vendor\orchestra\testbench-core\src\Concerns\HandlesDatabases.php:62
C:\Users\pc\Herd\todohtmx\packages\dancycodes\flashhalt\vendor\orchestra\testbench-core\src\Concerns\Testing.php:118
C:\Users\pc\Herd\todohtmx\packages\dancycodes\flashhalt\vendor\orchestra\testbench-core\src\TestCase.php:71
C:\Users\pc\Herd\todohtmx\packages\dancycodes\flashhalt\vendor\orchestra\testbench-core\src\Concerns\Testing.php:44
C:\Users\pc\Herd\todohtmx\packages\dancycodes\flashhalt\vendor\orchestra\testbench-core\src\Concerns\ApplicationTestingHooks.php:89
C:\Users\pc\Herd\todohtmx\packages\dancycodes\flashhalt\vendor\orchestra\testbench-core\src\Concerns\Testing.php:43
C:\Users\pc\Herd\todohtmx\packages\dancycodes\flashhalt\vendor\laravel\framework\src\Illuminate\Collections\helpers.php:236
C:\Users\pc\Herd\todohtmx\packages\dancycodes\flashhalt\vendor\orchestra\sidekick\src\functions.php:87
C:\Users\pc\Herd\todohtmx\packages\dancycodes\flashhalt\vendor\laravel\framework\src\Illuminate\Collections\helpers.php:236
C:\Users\pc\Herd\todohtmx\packages\dancycodes\flashhalt\vendor\orchestra\testbench-core\src\Concerns\Testing.php:57
C:\Users\pc\Herd\todohtmx\packages\dancycodes\flashhalt\vendor\orchestra\testbench-core\src\TestCase.php:50
C:\Users\pc\Herd\todohtmx\packages\dancycodes\flashhalt\tests\TestCase.php:30
C:\Users\pc\Herd\todohtmx\packages\dancycodes\flashhalt\tests\Unit\RouteCompilerTest.php:45</error>
        </testcase>
        <testcase name="it_includes_middleware_when_configured" file="C:\Users\pc\Herd\todohtmx\packages\dancycodes\flashhalt\tests\Unit\RouteCompilerTest.php" line="328" class="DancyCodes\FlashHalt\Tests\Unit\RouteCompilerTest" classname="DancyCodes.FlashHalt.Tests.Unit.RouteCompilerTest" assertions="0" time="0.000000">
          <error type="PDOException">DancyCodes\FlashHalt\Tests\Unit\RouteCompilerTest::it_includes_middleware_when_configured&#13;
PDOException: There is already an active transaction
&#13;
C:\Users\pc\Herd\todohtmx\packages\dancycodes\flashhalt\vendor\laravel\framework\src\Illuminate\Database\Concerns\ManagesTransactions.php:151
C:\Users\pc\Herd\todohtmx\packages\dancycodes\flashhalt\vendor\laravel\framework\src\Illuminate\Database\Concerns\ManagesTransactions.php:127
C:\Users\pc\Herd\todohtmx\packages\dancycodes\flashhalt\vendor\laravel\framework\src\Illuminate\Foundation\Testing\RefreshDatabase.php:101
C:\Users\pc\Herd\todohtmx\packages\dancycodes\flashhalt\vendor\laravel\framework\src\Illuminate\Foundation\Testing\RefreshDatabase.php:73
C:\Users\pc\Herd\todohtmx\packages\dancycodes\flashhalt\vendor\laravel\framework\src\Illuminate\Foundation\Testing\RefreshDatabase.php:25
C:\Users\pc\Herd\todohtmx\packages\dancycodes\flashhalt\vendor\orchestra\testbench-core\src\Concerns\Testing.php:120
C:\Users\pc\Herd\todohtmx\packages\dancycodes\flashhalt\vendor\orchestra\testbench-core\src\Concerns\HandlesDatabases.php:62
C:\Users\pc\Herd\todohtmx\packages\dancycodes\flashhalt\vendor\orchestra\testbench-core\src\Concerns\Testing.php:118
C:\Users\pc\Herd\todohtmx\packages\dancycodes\flashhalt\vendor\orchestra\testbench-core\src\TestCase.php:71
C:\Users\pc\Herd\todohtmx\packages\dancycodes\flashhalt\vendor\orchestra\testbench-core\src\Concerns\Testing.php:44
C:\Users\pc\Herd\todohtmx\packages\dancycodes\flashhalt\vendor\orchestra\testbench-core\src\Concerns\ApplicationTestingHooks.php:89
C:\Users\pc\Herd\todohtmx\packages\dancycodes\flashhalt\vendor\orchestra\testbench-core\src\Concerns\Testing.php:43
C:\Users\pc\Herd\todohtmx\packages\dancycodes\flashhalt\vendor\laravel\framework\src\Illuminate\Collections\helpers.php:236
C:\Users\pc\Herd\todohtmx\packages\dancycodes\flashhalt\vendor\orchestra\sidekick\src\functions.php:87
C:\Users\pc\Herd\todohtmx\packages\dancycodes\flashhalt\vendor\laravel\framework\src\Illuminate\Collections\helpers.php:236
C:\Users\pc\Herd\todohtmx\packages\dancycodes\flashhalt\vendor\orchestra\testbench-core\src\Concerns\Testing.php:57
C:\Users\pc\Herd\todohtmx\packages\dancycodes\flashhalt\vendor\orchestra\testbench-core\src\TestCase.php:50
C:\Users\pc\Herd\todohtmx\packages\dancycodes\flashhalt\tests\TestCase.php:30
C:\Users\pc\Herd\todohtmx\packages\dancycodes\flashhalt\tests\Unit\RouteCompilerTest.php:45</error>
        </testcase>
        <testcase name="it_throws_exception_when_output_directory_is_not_writable" file="C:\Users\pc\Herd\todohtmx\packages\dancycodes\flashhalt\tests\Unit\RouteCompilerTest.php" line="419" class="DancyCodes\FlashHalt\Tests\Unit\RouteCompilerTest" classname="DancyCodes.FlashHalt.Tests.Unit.RouteCompilerTest" assertions="0" time="0.000000">
          <error type="PDOException">DancyCodes\FlashHalt\Tests\Unit\RouteCompilerTest::it_throws_exception_when_output_directory_is_not_writable&#13;
PDOException: There is already an active transaction
&#13;
C:\Users\pc\Herd\todohtmx\packages\dancycodes\flashhalt\vendor\laravel\framework\src\Illuminate\Database\Concerns\ManagesTransactions.php:151
C:\Users\pc\Herd\todohtmx\packages\dancycodes\flashhalt\vendor\laravel\framework\src\Illuminate\Database\Concerns\ManagesTransactions.php:127
C:\Users\pc\Herd\todohtmx\packages\dancycodes\flashhalt\vendor\laravel\framework\src\Illuminate\Foundation\Testing\RefreshDatabase.php:101
C:\Users\pc\Herd\todohtmx\packages\dancycodes\flashhalt\vendor\laravel\framework\src\Illuminate\Foundation\Testing\RefreshDatabase.php:73
C:\Users\pc\Herd\todohtmx\packages\dancycodes\flashhalt\vendor\laravel\framework\src\Illuminate\Foundation\Testing\RefreshDatabase.php:25
C:\Users\pc\Herd\todohtmx\packages\dancycodes\flashhalt\vendor\orchestra\testbench-core\src\Concerns\Testing.php:120
C:\Users\pc\Herd\todohtmx\packages\dancycodes\flashhalt\vendor\orchestra\testbench-core\src\Concerns\HandlesDatabases.php:62
C:\Users\pc\Herd\todohtmx\packages\dancycodes\flashhalt\vendor\orchestra\testbench-core\src\Concerns\Testing.php:118
C:\Users\pc\Herd\todohtmx\packages\dancycodes\flashhalt\vendor\orchestra\testbench-core\src\TestCase.php:71
C:\Users\pc\Herd\todohtmx\packages\dancycodes\flashhalt\vendor\orchestra\testbench-core\src\Concerns\Testing.php:44
C:\Users\pc\Herd\todohtmx\packages\dancycodes\flashhalt\vendor\orchestra\testbench-core\src\Concerns\ApplicationTestingHooks.php:89
C:\Users\pc\Herd\todohtmx\packages\dancycodes\flashhalt\vendor\orchestra\testbench-core\src\Concerns\Testing.php:43
C:\Users\pc\Herd\todohtmx\packages\dancycodes\flashhalt\vendor\laravel\framework\src\Illuminate\Collections\helpers.php:236
C:\Users\pc\Herd\todohtmx\packages\dancycodes\flashhalt\vendor\orchestra\sidekick\src\functions.php:87
C:\Users\pc\Herd\todohtmx\packages\dancycodes\flashhalt\vendor\laravel\framework\src\Illuminate\Collections\helpers.php:236
C:\Users\pc\Herd\todohtmx\packages\dancycodes\flashhalt\vendor\orchestra\testbench-core\src\Concerns\Testing.php:57
C:\Users\pc\Herd\todohtmx\packages\dancycodes\flashhalt\vendor\orchestra\testbench-core\src\TestCase.php:50
C:\Users\pc\Herd\todohtmx\packages\dancycodes\flashhalt\tests\TestCase.php:30
C:\Users\pc\Herd\todohtmx\packages\dancycodes\flashhalt\tests\Unit\RouteCompilerTest.php:45</error>
        </testcase>
        <testcase name="it_extracts_htmx_post_patterns_from_templates" file="C:\Users\pc\Herd\todohtmx\packages\dancycodes\flashhalt\tests\Unit\RouteCompilerTest.php" line="120" class="DancyCodes\FlashHalt\Tests\Unit\RouteCompilerTest" classname="DancyCodes.FlashHalt.Tests.Unit.RouteCompilerTest" assertions="0" time="0.000000">
          <error type="PDOException">DancyCodes\FlashHalt\Tests\Unit\RouteCompilerTest::it_extracts_htmx_post_patterns_from_templates&#13;
PDOException: There is already an active transaction
&#13;
C:\Users\pc\Herd\todohtmx\packages\dancycodes\flashhalt\vendor\laravel\framework\src\Illuminate\Database\Concerns\ManagesTransactions.php:151
C:\Users\pc\Herd\todohtmx\packages\dancycodes\flashhalt\vendor\laravel\framework\src\Illuminate\Database\Concerns\ManagesTransactions.php:127
C:\Users\pc\Herd\todohtmx\packages\dancycodes\flashhalt\vendor\laravel\framework\src\Illuminate\Foundation\Testing\RefreshDatabase.php:101
C:\Users\pc\Herd\todohtmx\packages\dancycodes\flashhalt\vendor\laravel\framework\src\Illuminate\Foundation\Testing\RefreshDatabase.php:73
C:\Users\pc\Herd\todohtmx\packages\dancycodes\flashhalt\vendor\laravel\framework\src\Illuminate\Foundation\Testing\RefreshDatabase.php:25
C:\Users\pc\Herd\todohtmx\packages\dancycodes\flashhalt\vendor\orchestra\testbench-core\src\Concerns\Testing.php:120
C:\Users\pc\Herd\todohtmx\packages\dancycodes\flashhalt\vendor\orchestra\testbench-core\src\Concerns\HandlesDatabases.php:62
C:\Users\pc\Herd\todohtmx\packages\dancycodes\flashhalt\vendor\orchestra\testbench-core\src\Concerns\Testing.php:118
C:\Users\pc\Herd\todohtmx\packages\dancycodes\flashhalt\vendor\orchestra\testbench-core\src\TestCase.php:71
C:\Users\pc\Herd\todohtmx\packages\dancycodes\flashhalt\vendor\orchestra\testbench-core\src\Concerns\Testing.php:44
C:\Users\pc\Herd\todohtmx\packages\dancycodes\flashhalt\vendor\orchestra\testbench-core\src\Concerns\ApplicationTestingHooks.php:89
C:\Users\pc\Herd\todohtmx\packages\dancycodes\flashhalt\vendor\orchestra\testbench-core\src\Concerns\Testing.php:43
C:\Users\pc\Herd\todohtmx\packages\dancycodes\flashhalt\vendor\laravel\framework\src\Illuminate\Collections\helpers.php:236
C:\Users\pc\Herd\todohtmx\packages\dancycodes\flashhalt\vendor\orchestra\sidekick\src\functions.php:87
C:\Users\pc\Herd\todohtmx\packages\dancycodes\flashhalt\vendor\laravel\framework\src\Illuminate\Collections\helpers.php:236
C:\Users\pc\Herd\todohtmx\packages\dancycodes\flashhalt\vendor\orchestra\testbench-core\src\Concerns\Testing.php:57
C:\Users\pc\Herd\todohtmx\packages\dancycodes\flashhalt\vendor\orchestra\testbench-core\src\TestCase.php:50
C:\Users\pc\Herd\todohtmx\packages\dancycodes\flashhalt\tests\TestCase.php:30
C:\Users\pc\Herd\todohtmx\packages\dancycodes\flashhalt\tests\Unit\RouteCompilerTest.php:45</error>
        </testcase>
        <testcase name="it_validates_discovered_routes_against_controllers" file="C:\Users\pc\Herd\todohtmx\packages\dancycodes\flashhalt\tests\Unit\RouteCompilerTest.php" line="213" class="DancyCodes\FlashHalt\Tests\Unit\RouteCompilerTest" classname="DancyCodes.FlashHalt.Tests.Unit.RouteCompilerTest" assertions="0" time="0.000000">
          <error type="PDOException">DancyCodes\FlashHalt\Tests\Unit\RouteCompilerTest::it_validates_discovered_routes_against_controllers&#13;
PDOException: There is already an active transaction
&#13;
C:\Users\pc\Herd\todohtmx\packages\dancycodes\flashhalt\vendor\laravel\framework\src\Illuminate\Database\Concerns\ManagesTransactions.php:151
C:\Users\pc\Herd\todohtmx\packages\dancycodes\flashhalt\vendor\laravel\framework\src\Illuminate\Database\Concerns\ManagesTransactions.php:127
C:\Users\pc\Herd\todohtmx\packages\dancycodes\flashhalt\vendor\laravel\framework\src\Illuminate\Foundation\Testing\RefreshDatabase.php:101
C:\Users\pc\Herd\todohtmx\packages\dancycodes\flashhalt\vendor\laravel\framework\src\Illuminate\Foundation\Testing\RefreshDatabase.php:73
C:\Users\pc\Herd\todohtmx\packages\dancycodes\flashhalt\vendor\laravel\framework\src\Illuminate\Foundation\Testing\RefreshDatabase.php:25
C:\Users\pc\Herd\todohtmx\packages\dancycodes\flashhalt\vendor\orchestra\testbench-core\src\Concerns\Testing.php:120
C:\Users\pc\Herd\todohtmx\packages\dancycodes\flashhalt\vendor\orchestra\testbench-core\src\Concerns\HandlesDatabases.php:62
C:\Users\pc\Herd\todohtmx\packages\dancycodes\flashhalt\vendor\orchestra\testbench-core\src\Concerns\Testing.php:118
C:\Users\pc\Herd\todohtmx\packages\dancycodes\flashhalt\vendor\orchestra\testbench-core\src\TestCase.php:71
C:\Users\pc\Herd\todohtmx\packages\dancycodes\flashhalt\vendor\orchestra\testbench-core\src\Concerns\Testing.php:44
C:\Users\pc\Herd\todohtmx\packages\dancycodes\flashhalt\vendor\orchestra\testbench-core\src\Concerns\ApplicationTestingHooks.php:89
C:\Users\pc\Herd\todohtmx\packages\dancycodes\flashhalt\vendor\orchestra\testbench-core\src\Concerns\Testing.php:43
C:\Users\pc\Herd\todohtmx\packages\dancycodes\flashhalt\vendor\laravel\framework\src\Illuminate\Collections\helpers.php:236
C:\Users\pc\Herd\todohtmx\packages\dancycodes\flashhalt\vendor\orchestra\sidekick\src\functions.php:87
C:\Users\pc\Herd\todohtmx\packages\dancycodes\flashhalt\vendor\laravel\framework\src\Illuminate\Collections\helpers.php:236
C:\Users\pc\Herd\todohtmx\packages\dancycodes\flashhalt\vendor\orchestra\testbench-core\src\Concerns\Testing.php:57
C:\Users\pc\Herd\todohtmx\packages\dancycodes\flashhalt\vendor\orchestra\testbench-core\src\TestCase.php:50
C:\Users\pc\Herd\todohtmx\packages\dancycodes\flashhalt\tests\TestCase.php:30
C:\Users\pc\Herd\todohtmx\packages\dancycodes\flashhalt\tests\Unit\RouteCompilerTest.php:45</error>
        </testcase>
        <testcase name="it_handles_validation_errors_in_warning_mode" file="C:\Users\pc\Herd\todohtmx\packages\dancycodes\flashhalt\tests\Unit\RouteCompilerTest.php" line="243" class="DancyCodes\FlashHalt\Tests\Unit\RouteCompilerTest" classname="DancyCodes.FlashHalt.Tests.Unit.RouteCompilerTest" assertions="0" time="0.000000">
          <error type="PDOException">DancyCodes\FlashHalt\Tests\Unit\RouteCompilerTest::it_handles_validation_errors_in_warning_mode&#13;
PDOException: There is already an active transaction
&#13;
C:\Users\pc\Herd\todohtmx\packages\dancycodes\flashhalt\vendor\laravel\framework\src\Illuminate\Database\Concerns\ManagesTransactions.php:151
C:\Users\pc\Herd\todohtmx\packages\dancycodes\flashhalt\vendor\laravel\framework\src\Illuminate\Database\Concerns\ManagesTransactions.php:127
C:\Users\pc\Herd\todohtmx\packages\dancycodes\flashhalt\vendor\laravel\framework\src\Illuminate\Foundation\Testing\RefreshDatabase.php:101
C:\Users\pc\Herd\todohtmx\packages\dancycodes\flashhalt\vendor\laravel\framework\src\Illuminate\Foundation\Testing\RefreshDatabase.php:73
C:\Users\pc\Herd\todohtmx\packages\dancycodes\flashhalt\vendor\laravel\framework\src\Illuminate\Foundation\Testing\RefreshDatabase.php:25
C:\Users\pc\Herd\todohtmx\packages\dancycodes\flashhalt\vendor\orchestra\testbench-core\src\Concerns\Testing.php:120
C:\Users\pc\Herd\todohtmx\packages\dancycodes\flashhalt\vendor\orchestra\testbench-core\src\Concerns\HandlesDatabases.php:62
C:\Users\pc\Herd\todohtmx\packages\dancycodes\flashhalt\vendor\orchestra\testbench-core\src\Concerns\Testing.php:118
C:\Users\pc\Herd\todohtmx\packages\dancycodes\flashhalt\vendor\orchestra\testbench-core\src\TestCase.php:71
C:\Users\pc\Herd\todohtmx\packages\dancycodes\flashhalt\vendor\orchestra\testbench-core\src\Concerns\Testing.php:44
C:\Users\pc\Herd\todohtmx\packages\dancycodes\flashhalt\vendor\orchestra\testbench-core\src\Concerns\ApplicationTestingHooks.php:89
C:\Users\pc\Herd\todohtmx\packages\dancycodes\flashhalt\vendor\orchestra\testbench-core\src\Concerns\Testing.php:43
C:\Users\pc\Herd\todohtmx\packages\dancycodes\flashhalt\vendor\laravel\framework\src\Illuminate\Collections\helpers.php:236
C:\Users\pc\Herd\todohtmx\packages\dancycodes\flashhalt\vendor\orchestra\sidekick\src\functions.php:87
C:\Users\pc\Herd\todohtmx\packages\dancycodes\flashhalt\vendor\laravel\framework\src\Illuminate\Collections\helpers.php:236
C:\Users\pc\Herd\todohtmx\packages\dancycodes\flashhalt\vendor\orchestra\testbench-core\src\Concerns\Testing.php:57
C:\Users\pc\Herd\todohtmx\packages\dancycodes\flashhalt\vendor\orchestra\testbench-core\src\TestCase.php:50
C:\Users\pc\Herd\todohtmx\packages\dancycodes\flashhalt\tests\TestCase.php:30
C:\Users\pc\Herd\todohtmx\packages\dancycodes\flashhalt\tests\Unit\RouteCompilerTest.php:45</error>
        </testcase>
        <testcase name="it_uses_atomic_file_writing_to_prevent_corruption" file="C:\Users\pc\Herd\todohtmx\packages\dancycodes\flashhalt\tests\Unit\RouteCompilerTest.php" line="395" class="DancyCodes\FlashHalt\Tests\Unit\RouteCompilerTest" classname="DancyCodes.FlashHalt.Tests.Unit.RouteCompilerTest" assertions="0" time="0.000000">
          <error type="PDOException">DancyCodes\FlashHalt\Tests\Unit\RouteCompilerTest::it_uses_atomic_file_writing_to_prevent_corruption&#13;
PDOException: There is already an active transaction
&#13;
C:\Users\pc\Herd\todohtmx\packages\dancycodes\flashhalt\vendor\laravel\framework\src\Illuminate\Database\Concerns\ManagesTransactions.php:151
C:\Users\pc\Herd\todohtmx\packages\dancycodes\flashhalt\vendor\laravel\framework\src\Illuminate\Database\Concerns\ManagesTransactions.php:127
C:\Users\pc\Herd\todohtmx\packages\dancycodes\flashhalt\vendor\laravel\framework\src\Illuminate\Foundation\Testing\RefreshDatabase.php:101
C:\Users\pc\Herd\todohtmx\packages\dancycodes\flashhalt\vendor\laravel\framework\src\Illuminate\Foundation\Testing\RefreshDatabase.php:73
C:\Users\pc\Herd\todohtmx\packages\dancycodes\flashhalt\vendor\laravel\framework\src\Illuminate\Foundation\Testing\RefreshDatabase.php:25
C:\Users\pc\Herd\todohtmx\packages\dancycodes\flashhalt\vendor\orchestra\testbench-core\src\Concerns\Testing.php:120
C:\Users\pc\Herd\todohtmx\packages\dancycodes\flashhalt\vendor\orchestra\testbench-core\src\Concerns\HandlesDatabases.php:62
C:\Users\pc\Herd\todohtmx\packages\dancycodes\flashhalt\vendor\orchestra\testbench-core\src\Concerns\Testing.php:118
C:\Users\pc\Herd\todohtmx\packages\dancycodes\flashhalt\vendor\orchestra\testbench-core\src\TestCase.php:71
C:\Users\pc\Herd\todohtmx\packages\dancycodes\flashhalt\vendor\orchestra\testbench-core\src\Concerns\Testing.php:44
C:\Users\pc\Herd\todohtmx\packages\dancycodes\flashhalt\vendor\orchestra\testbench-core\src\Concerns\ApplicationTestingHooks.php:89
C:\Users\pc\Herd\todohtmx\packages\dancycodes\flashhalt\vendor\orchestra\testbench-core\src\Concerns\Testing.php:43
C:\Users\pc\Herd\todohtmx\packages\dancycodes\flashhalt\vendor\laravel\framework\src\Illuminate\Collections\helpers.php:236
C:\Users\pc\Herd\todohtmx\packages\dancycodes\flashhalt\vendor\orchestra\sidekick\src\functions.php:87
C:\Users\pc\Herd\todohtmx\packages\dancycodes\flashhalt\vendor\laravel\framework\src\Illuminate\Collections\helpers.php:236
C:\Users\pc\Herd\todohtmx\packages\dancycodes\flashhalt\vendor\orchestra\testbench-core\src\Concerns\Testing.php:57
C:\Users\pc\Herd\todohtmx\packages\dancycodes\flashhalt\vendor\orchestra\testbench-core\src\TestCase.php:50
C:\Users\pc\Herd\todohtmx\packages\dancycodes\flashhalt\tests\TestCase.php:30
C:\Users\pc\Herd\todohtmx\packages\dancycodes\flashhalt\tests\Unit\RouteCompilerTest.php:45</error>
        </testcase>
        <testcase name="it_generates_recommendations_based_on_compilation_results" file="C:\Users\pc\Herd\todohtmx\packages\dancycodes\flashhalt\tests\Unit\RouteCompilerTest.php" line="473" class="DancyCodes\FlashHalt\Tests\Unit\RouteCompilerTest" classname="DancyCodes.FlashHalt.Tests.Unit.RouteCompilerTest" assertions="0" time="0.000000">
          <error type="PDOException">DancyCodes\FlashHalt\Tests\Unit\RouteCompilerTest::it_generates_recommendations_based_on_compilation_results&#13;
PDOException: There is already an active transaction
&#13;
C:\Users\pc\Herd\todohtmx\packages\dancycodes\flashhalt\vendor\laravel\framework\src\Illuminate\Database\Concerns\ManagesTransactions.php:151
C:\Users\pc\Herd\todohtmx\packages\dancycodes\flashhalt\vendor\laravel\framework\src\Illuminate\Database\Concerns\ManagesTransactions.php:127
C:\Users\pc\Herd\todohtmx\packages\dancycodes\flashhalt\vendor\laravel\framework\src\Illuminate\Foundation\Testing\RefreshDatabase.php:101
C:\Users\pc\Herd\todohtmx\packages\dancycodes\flashhalt\vendor\laravel\framework\src\Illuminate\Foundation\Testing\RefreshDatabase.php:73
C:\Users\pc\Herd\todohtmx\packages\dancycodes\flashhalt\vendor\laravel\framework\src\Illuminate\Foundation\Testing\RefreshDatabase.php:25
C:\Users\pc\Herd\todohtmx\packages\dancycodes\flashhalt\vendor\orchestra\testbench-core\src\Concerns\Testing.php:120
C:\Users\pc\Herd\todohtmx\packages\dancycodes\flashhalt\vendor\orchestra\testbench-core\src\Concerns\HandlesDatabases.php:62
C:\Users\pc\Herd\todohtmx\packages\dancycodes\flashhalt\vendor\orchestra\testbench-core\src\Concerns\Testing.php:118
C:\Users\pc\Herd\todohtmx\packages\dancycodes\flashhalt\vendor\orchestra\testbench-core\src\TestCase.php:71
C:\Users\pc\Herd\todohtmx\packages\dancycodes\flashhalt\vendor\orchestra\testbench-core\src\Concerns\Testing.php:44
C:\Users\pc\Herd\todohtmx\packages\dancycodes\flashhalt\vendor\orchestra\testbench-core\src\Concerns\ApplicationTestingHooks.php:89
C:\Users\pc\Herd\todohtmx\packages\dancycodes\flashhalt\vendor\orchestra\testbench-core\src\Concerns\Testing.php:43
C:\Users\pc\Herd\todohtmx\packages\dancycodes\flashhalt\vendor\laravel\framework\src\Illuminate\Collections\helpers.php:236
C:\Users\pc\Herd\todohtmx\packages\dancycodes\flashhalt\vendor\orchestra\sidekick\src\functions.php:87
C:\Users\pc\Herd\todohtmx\packages\dancycodes\flashhalt\vendor\laravel\framework\src\Illuminate\Collections\helpers.php:236
C:\Users\pc\Herd\todohtmx\packages\dancycodes\flashhalt\vendor\orchestra\testbench-core\src\Concerns\Testing.php:57
C:\Users\pc\Herd\todohtmx\packages\dancycodes\flashhalt\vendor\orchestra\testbench-core\src\TestCase.php:50
C:\Users\pc\Herd\todohtmx\packages\dancycodes\flashhalt\tests\TestCase.php:30
C:\Users\pc\Herd\todohtmx\packages\dancycodes\flashhalt\tests\Unit\RouteCompilerTest.php:45</error>
        </testcase>
        <testcase name="it_handles_namespaced_controller_patterns" file="C:\Users\pc\Herd\todohtmx\packages\dancycodes\flashhalt\tests\Unit\RouteCompilerTest.php" line="169" class="DancyCodes\FlashHalt\Tests\Unit\RouteCompilerTest" classname="DancyCodes.FlashHalt.Tests.Unit.RouteCompilerTest" assertions="0" time="0.000000">
          <error type="PDOException">DancyCodes\FlashHalt\Tests\Unit\RouteCompilerTest::it_handles_namespaced_controller_patterns&#13;
PDOException: There is already an active transaction
&#13;
C:\Users\pc\Herd\todohtmx\packages\dancycodes\flashhalt\vendor\laravel\framework\src\Illuminate\Database\Concerns\ManagesTransactions.php:151
C:\Users\pc\Herd\todohtmx\packages\dancycodes\flashhalt\vendor\laravel\framework\src\Illuminate\Database\Concerns\ManagesTransactions.php:127
C:\Users\pc\Herd\todohtmx\packages\dancycodes\flashhalt\vendor\laravel\framework\src\Illuminate\Foundation\Testing\RefreshDatabase.php:101
C:\Users\pc\Herd\todohtmx\packages\dancycodes\flashhalt\vendor\laravel\framework\src\Illuminate\Foundation\Testing\RefreshDatabase.php:73
C:\Users\pc\Herd\todohtmx\packages\dancycodes\flashhalt\vendor\laravel\framework\src\Illuminate\Foundation\Testing\RefreshDatabase.php:25
C:\Users\pc\Herd\todohtmx\packages\dancycodes\flashhalt\vendor\orchestra\testbench-core\src\Concerns\Testing.php:120
C:\Users\pc\Herd\todohtmx\packages\dancycodes\flashhalt\vendor\orchestra\testbench-core\src\Concerns\HandlesDatabases.php:62
C:\Users\pc\Herd\todohtmx\packages\dancycodes\flashhalt\vendor\orchestra\testbench-core\src\Concerns\Testing.php:118
C:\Users\pc\Herd\todohtmx\packages\dancycodes\flashhalt\vendor\orchestra\testbench-core\src\TestCase.php:71
C:\Users\pc\Herd\todohtmx\packages\dancycodes\flashhalt\vendor\orchestra\testbench-core\src\Concerns\Testing.php:44
C:\Users\pc\Herd\todohtmx\packages\dancycodes\flashhalt\vendor\orchestra\testbench-core\src\Concerns\ApplicationTestingHooks.php:89
C:\Users\pc\Herd\todohtmx\packages\dancycodes\flashhalt\vendor\orchestra\testbench-core\src\Concerns\Testing.php:43
C:\Users\pc\Herd\todohtmx\packages\dancycodes\flashhalt\vendor\laravel\framework\src\Illuminate\Collections\helpers.php:236
C:\Users\pc\Herd\todohtmx\packages\dancycodes\flashhalt\vendor\orchestra\sidekick\src\functions.php:87
C:\Users\pc\Herd\todohtmx\packages\dancycodes\flashhalt\vendor\laravel\framework\src\Illuminate\Collections\helpers.php:236
C:\Users\pc\Herd\todohtmx\packages\dancycodes\flashhalt\vendor\orchestra\testbench-core\src\Concerns\Testing.php:57
C:\Users\pc\Herd\todohtmx\packages\dancycodes\flashhalt\vendor\orchestra\testbench-core\src\TestCase.php:50
C:\Users\pc\Herd\todohtmx\packages\dancycodes\flashhalt\tests\TestCase.php:30
C:\Users\pc\Herd\todohtmx\packages\dancycodes\flashhalt\tests\Unit\RouteCompilerTest.php:45</error>
        </testcase>
        <testcase name="it_includes_route_names_when_configured" file="C:\Users\pc\Herd\todohtmx\packages\dancycodes\flashhalt\tests\Unit\RouteCompilerTest.php" line="307" class="DancyCodes\FlashHalt\Tests\Unit\RouteCompilerTest" classname="DancyCodes.FlashHalt.Tests.Unit.RouteCompilerTest" assertions="0" time="0.000000">
          <error type="PDOException">DancyCodes\FlashHalt\Tests\Unit\RouteCompilerTest::it_includes_route_names_when_configured&#13;
PDOException: There is already an active transaction
&#13;
C:\Users\pc\Herd\todohtmx\packages\dancycodes\flashhalt\vendor\laravel\framework\src\Illuminate\Database\Concerns\ManagesTransactions.php:151
C:\Users\pc\Herd\todohtmx\packages\dancycodes\flashhalt\vendor\laravel\framework\src\Illuminate\Database\Concerns\ManagesTransactions.php:127
C:\Users\pc\Herd\todohtmx\packages\dancycodes\flashhalt\vendor\laravel\framework\src\Illuminate\Foundation\Testing\RefreshDatabase.php:101
C:\Users\pc\Herd\todohtmx\packages\dancycodes\flashhalt\vendor\laravel\framework\src\Illuminate\Foundation\Testing\RefreshDatabase.php:73
C:\Users\pc\Herd\todohtmx\packages\dancycodes\flashhalt\vendor\laravel\framework\src\Illuminate\Foundation\Testing\RefreshDatabase.php:25
C:\Users\pc\Herd\todohtmx\packages\dancycodes\flashhalt\vendor\orchestra\testbench-core\src\Concerns\Testing.php:120
C:\Users\pc\Herd\todohtmx\packages\dancycodes\flashhalt\vendor\orchestra\testbench-core\src\Concerns\HandlesDatabases.php:62
C:\Users\pc\Herd\todohtmx\packages\dancycodes\flashhalt\vendor\orchestra\testbench-core\src\Concerns\Testing.php:118
C:\Users\pc\Herd\todohtmx\packages\dancycodes\flashhalt\vendor\orchestra\testbench-core\src\TestCase.php:71
C:\Users\pc\Herd\todohtmx\packages\dancycodes\flashhalt\vendor\orchestra\testbench-core\src\Concerns\Testing.php:44
C:\Users\pc\Herd\todohtmx\packages\dancycodes\flashhalt\vendor\orchestra\testbench-core\src\Concerns\ApplicationTestingHooks.php:89
C:\Users\pc\Herd\todohtmx\packages\dancycodes\flashhalt\vendor\orchestra\testbench-core\src\Concerns\Testing.php:43
C:\Users\pc\Herd\todohtmx\packages\dancycodes\flashhalt\vendor\laravel\framework\src\Illuminate\Collections\helpers.php:236
C:\Users\pc\Herd\todohtmx\packages\dancycodes\flashhalt\vendor\orchestra\sidekick\src\functions.php:87
C:\Users\pc\Herd\todohtmx\packages\dancycodes\flashhalt\vendor\laravel\framework\src\Illuminate\Collections\helpers.php:236
C:\Users\pc\Herd\todohtmx\packages\dancycodes\flashhalt\vendor\orchestra\testbench-core\src\Concerns\Testing.php:57
C:\Users\pc\Herd\todohtmx\packages\dancycodes\flashhalt\vendor\orchestra\testbench-core\src\TestCase.php:50
C:\Users\pc\Herd\todohtmx\packages\dancycodes\flashhalt\tests\TestCase.php:30
C:\Users\pc\Herd\todohtmx\packages\dancycodes\flashhalt\tests\Unit\RouteCompilerTest.php:45</error>
        </testcase>
      </testsuite>
      <testsuite name="DancyCodes\FlashHalt\Tests\Unit\BladeDirectiveTest" file="C:\Users\pc\Herd\todohtmx\packages\dancycodes\flashhalt\tests\Unit\BladeDirectiveTest.php" tests="4" assertions="10" errors="0" failures="0" skipped="0" time="0.136734">
        <testcase name="flashhalt_scripts_directive_generates_correct_output" file="C:\Users\pc\Herd\todohtmx\packages\dancycodes\flashhalt\tests\Unit\BladeDirectiveTest.php" line="17" class="DancyCodes\FlashHalt\Tests\Unit\BladeDirectiveTest" classname="DancyCodes.FlashHalt.Tests.Unit.BladeDirectiveTest" assertions="3" time="0.047564"/>
        <testcase name="flashhalt_enabled_directive_creates_conditional_wrapper" file="C:\Users\pc\Herd\todohtmx\packages\dancycodes\flashhalt\tests\Unit\BladeDirectiveTest.php" line="28" class="DancyCodes\FlashHalt\Tests\Unit\BladeDirectiveTest" classname="DancyCodes.FlashHalt.Tests.Unit.BladeDirectiveTest" assertions="4" time="0.026051"/>
        <testcase name="directives_respect_configuration_settings" file="C:\Users\pc\Herd\todohtmx\packages\dancycodes\flashhalt\tests\Unit\BladeDirectiveTest.php" line="55" class="DancyCodes\FlashHalt\Tests\Unit\BladeDirectiveTest" classname="DancyCodes.FlashHalt.Tests.Unit.BladeDirectiveTest" assertions="1" time="0.030978"/>
        <testcase name="flashhalt_csrf_directive_includes_token" file="C:\Users\pc\Herd\todohtmx\packages\dancycodes\flashhalt\tests\Unit\BladeDirectiveTest.php" line="46" class="DancyCodes\FlashHalt\Tests\Unit\BladeDirectiveTest" classname="DancyCodes.FlashHalt.Tests.Unit.BladeDirectiveTest" assertions="2" time="0.032141"/>
      </testsuite>
      <testsuite name="DancyCodes\FlashHalt\Tests\Unit\FlashHaltServiceProviderTest" file="C:\Users\pc\Herd\todohtmx\packages\dancycodes\flashhalt\tests\Unit\FlashHaltServiceProviderTest.php" tests="15" assertions="31" errors="0" failures="1" skipped="0" time="0.515986">
        <testcase name="it_registers_clear_command_in_console_environment" file="C:\Users\pc\Herd\todohtmx\packages\dancycodes\flashhalt\tests\Unit\FlashHaltServiceProviderTest.php" line="158" class="DancyCodes\FlashHalt\Tests\Unit\FlashHaltServiceProviderTest" classname="DancyCodes.FlashHalt.Tests.Unit.FlashHaltServiceProviderTest" assertions="2" time="0.043144"/>
        <testcase name="commands_can_be_instantiated_with_dependencies" file="C:\Users\pc\Herd\todohtmx\packages\dancycodes\flashhalt\tests\Unit\FlashHaltServiceProviderTest.php" line="168" class="DancyCodes\FlashHalt\Tests\Unit\FlashHaltServiceProviderTest" classname="DancyCodes.FlashHalt.Tests.Unit.FlashHaltServiceProviderTest" assertions="2" time="0.027334"/>
        <testcase name="it_registers_compile_command_in_console_environment" file="C:\Users\pc\Herd\todohtmx\packages\dancycodes\flashhalt\tests\Unit\FlashHaltServiceProviderTest.php" line="145" class="DancyCodes\FlashHalt\Tests\Unit\FlashHaltServiceProviderTest" classname="DancyCodes.FlashHalt.Tests.Unit.FlashHaltServiceProviderTest" assertions="2" time="0.054638"/>
        <testcase name="it_registers_route_compiler_as_singleton" file="C:\Users\pc\Herd\todohtmx\packages\dancycodes\flashhalt\tests\Unit\FlashHaltServiceProviderTest.php" line="74" class="DancyCodes\FlashHalt\Tests\Unit\FlashHaltServiceProviderTest" classname="DancyCodes.FlashHalt.Tests.Unit.FlashHaltServiceProviderTest" assertions="3" time="0.027987"/>
        <testcase name="it_handles_different_laravel_versions" file="C:\Users\pc\Herd\todohtmx\packages\dancycodes\flashhalt\tests\Unit\FlashHaltServiceProviderTest.php" line="483" class="DancyCodes\FlashHalt\Tests\Unit\FlashHaltServiceProviderTest" classname="DancyCodes.FlashHalt.Tests.Unit.FlashHaltServiceProviderTest" assertions="2" time="0.031278"/>
        <testcase name="it_configures_javascript_based_on_environment" file="C:\Users\pc\Herd\todohtmx\packages\dancycodes\flashhalt\tests\Unit\FlashHaltServiceProviderTest.php" line="345" class="DancyCodes\FlashHalt\Tests\Unit\FlashHaltServiceProviderTest" classname="DancyCodes.FlashHalt.Tests.Unit.FlashHaltServiceProviderTest" assertions="1" time="0.028080"/>
        <testcase name="it_registers_view_composers_for_javascript_integration" file="C:\Users\pc\Herd\todohtmx\packages\dancycodes\flashhalt\tests\Unit\FlashHaltServiceProviderTest.php" line="293" class="DancyCodes\FlashHalt\Tests\Unit\FlashHaltServiceProviderTest" classname="DancyCodes.FlashHalt.Tests.Unit.FlashHaltServiceProviderTest" assertions="1" time="0.046081"/>
        <testcase name="it_handles_missing_dependencies_gracefully" file="C:\Users\pc\Herd\todohtmx\packages\dancycodes\flashhalt\tests\Unit\FlashHaltServiceProviderTest.php" line="395" class="DancyCodes\FlashHalt\Tests\Unit\FlashHaltServiceProviderTest" classname="DancyCodes.FlashHalt.Tests.Unit.FlashHaltServiceProviderTest" assertions="2" time="0.037899"/>
        <testcase name="it_publishes_configuration_files" file="C:\Users\pc\Herd\todohtmx\packages\dancycodes\flashhalt\tests\Unit\FlashHaltServiceProviderTest.php" line="443" class="DancyCodes\FlashHalt\Tests\Unit\FlashHaltServiceProviderTest" classname="DancyCodes.FlashHalt.Tests.Unit.FlashHaltServiceProviderTest" assertions="1" time="0.033152"/>
        <testcase name="it_merges_configuration_correctly" file="C:\Users\pc\Herd\todohtmx\packages\dancycodes\flashhalt\tests\Unit\FlashHaltServiceProviderTest.php" line="109" class="DancyCodes\FlashHalt\Tests\Unit\FlashHaltServiceProviderTest" classname="DancyCodes.FlashHalt.Tests.Unit.FlashHaltServiceProviderTest" assertions="6" time="0.028898"/>
        <testcase name="it_registers_security_validator_as_singleton" file="C:\Users\pc\Herd\todohtmx\packages\dancycodes\flashhalt\tests\Unit\FlashHaltServiceProviderTest.php" line="62" class="DancyCodes\FlashHalt\Tests\Unit\FlashHaltServiceProviderTest" classname="DancyCodes.FlashHalt.Tests.Unit.FlashHaltServiceProviderTest" assertions="3" time="0.029227"/>
        <testcase name="it_configures_asset_publishing_for_manual_management" file="C:\Users\pc\Herd\todohtmx\packages\dancycodes\flashhalt\tests\Unit\FlashHaltServiceProviderTest.php" line="430" class="DancyCodes\FlashHalt\Tests\Unit\FlashHaltServiceProviderTest" classname="DancyCodes.FlashHalt.Tests.Unit.FlashHaltServiceProviderTest" assertions="2" time="0.029120"/>
        <testcase name="it_allows_configuration_overrides" file="C:\Users\pc\Herd\todohtmx\packages\dancycodes\flashhalt\tests\Unit\FlashHaltServiceProviderTest.php" line="380" class="DancyCodes\FlashHalt\Tests\Unit\FlashHaltServiceProviderTest" classname="DancyCodes.FlashHalt.Tests.Unit.FlashHaltServiceProviderTest" assertions="2" time="0.031496"/>
        <testcase name="it_publishes_javascript_assets_automatically" file="C:\Users\pc\Herd\todohtmx\packages\dancycodes\flashhalt\tests\Unit\FlashHaltServiceProviderTest.php" line="327" class="DancyCodes\FlashHalt\Tests\Unit\FlashHaltServiceProviderTest" classname="DancyCodes.FlashHalt.Tests.Unit.FlashHaltServiceProviderTest" assertions="1" time="0.030276"/>
        <testcase name="it_throws_exception_in_production_mode_without_compiled_routes" file="C:\Users\pc\Herd\todohtmx\packages\dancycodes\flashhalt\tests\Unit\FlashHaltServiceProviderTest.php" line="250" class="DancyCodes\FlashHalt\Tests\Unit\FlashHaltServiceProviderTest" classname="DancyCodes.FlashHalt.Tests.Unit.FlashHaltServiceProviderTest" assertions="1" time="0.037376">
          <failure type="PHPUnit\Framework\ExpectationFailedException">DancyCodes\FlashHalt\Tests\Unit\FlashHaltServiceProviderTest::it_throws_exception_in_production_mode_without_compiled_routes&#13;
Failed asserting that exception of type "RuntimeException" is thrown.</failure>
        </testcase>
      </testsuite>
    </testsuite>
  </testsuite>
</testsuites>
